15:43:05 [INFO] Installing scheduled task: WindsurfGuardian
15:43:05 [INFO] ✅ Task 'WindsurfGuardian' installed (runs at logon)
21:20:15 [INFO] ==================================================
21:20:15 [INFO] Windsurf Guardian v1.0 started
21:20:15 [INFO] ==================================================
21:20:18 [INFO] Monitoring: D:\Windsurf\resources\app\out\vs\workbench\workbench.desktop.main.js
21:20:18 [INFO] Hash: 1242966eed9682e7eb6dbe89acebfcc3
21:20:18 [INFO] Check interval: 30s
23:15:39 [INFO] ==================================================
23:15:39 [INFO] Windsurf Guardian v1.0 started
23:15:39 [INFO] ==================================================
23:15:44 [INFO] Monitoring: D:\Windsurf\resources\app\out\vs\workbench\workbench.desktop.main.js
23:15:45 [INFO] Hash: 1242966eed9682e7eb6dbe89acebfcc3
23:15:45 [INFO] Check interval: 30s
23:16:17 [WARNING] ⚠ Port 443 not listening!
23:16:17 [INFO] Starting self-built proxy...
23:16:22 [ERROR] ❌ Self-built proxy failed to start
23:16:55 [WARNING] ⚠ Port 443 not listening!
23:16:55 [INFO] Starting self-built proxy...
23:17:00 [ERROR] ❌ Self-built proxy failed to start
23:17:32 [WARNING] ⚠ Port 443 not listening!
23:17:32 [INFO] Starting self-built proxy...
23:17:37 [ERROR] ❌ Self-built proxy failed to start
23:18:09 [WARNING] ⚠ Port 443 not listening!
23:18:09 [INFO] Starting self-built proxy...
23:18:14 [ERROR] ❌ Self-built proxy failed to start
23:18:46 [WARNING] ⚠ Port 443 not listening!
23:18:46 [INFO] Starting self-built proxy...
23:18:51 [ERROR] ❌ Self-built proxy failed to start
23:19:23 [WARNING] ⚠ Port 443 not listening!
23:19:23 [INFO] Starting self-built proxy...
23:19:28 [ERROR] ❌ Self-built proxy failed to start
23:20:00 [WARNING] ⚠ Port 443 not listening!
23:20:00 [INFO] Starting self-built proxy...
23:20:05 [ERROR] ❌ Self-built proxy failed to start
23:20:37 [WARNING] ⚠ Port 443 not listening!
23:20:37 [INFO] Starting self-built proxy...
23:20:42 [ERROR] ❌ Self-built proxy failed to start
23:21:14 [WARNING] ⚠ Port 443 not listening!
23:21:14 [INFO] Starting self-built proxy...
23:21:19 [ERROR] ❌ Self-built proxy failed to start
23:21:51 [WARNING] ⚠ Port 443 not listening!
23:21:51 [INFO] Starting self-built proxy...
23:21:56 [ERROR] ❌ Self-built proxy failed to start
23:22:28 [WARNING] ⚠ Port 443 not listening!
23:22:28 [INFO] Starting self-built proxy...
23:22:33 [ERROR] ❌ Self-built proxy failed to start
23:25:21 [INFO] ==================================================
23:25:22 [INFO] Windsurf Guardian v1.0 started
23:25:22 [INFO] ==================================================
23:25:30 [INFO] Monitoring: D:\Windsurf\resources\app\out\vs\workbench\workbench.desktop.main.js
23:25:30 [INFO] Hash: 1242966eed9682e7eb6dbe89acebfcc3
23:25:31 [INFO] Check interval: 30s
23:26:04 [WARNING] ⚠ Port 443 not listening!
23:26:04 [INFO] Starting self-built proxy...
23:26:09 [ERROR] ❌ Self-built proxy failed to start
23:26:41 [WARNING] ⚠ Port 443 not listening!
23:26:41 [INFO] Starting self-built proxy...
23:26:46 [ERROR] ❌ Self-built proxy failed to start
23:27:18 [WARNING] ⚠ Port 443 not listening!
23:27:18 [INFO] Starting self-built proxy...
23:27:23 [ERROR] ❌ Self-built proxy failed to start
23:27:55 [WARNING] ⚠ Port 443 not listening!
23:27:55 [INFO] Starting self-built proxy...
23:28:00 [ERROR] ❌ Self-built proxy failed to start
23:28:32 [WARNING] ⚠ Port 443 not listening!
23:28:32 [INFO] Starting self-built proxy...
23:28:37 [ERROR] ❌ Self-built proxy failed to start
23:29:09 [WARNING] ⚠ Port 443 not listening!
23:29:09 [INFO] Starting self-built proxy...
23:29:14 [ERROR] ❌ Self-built proxy failed to start
23:29:46 [WARNING] ⚠ Port 443 not listening!
23:29:46 [INFO] Starting self-built proxy...
23:29:51 [ERROR] ❌ Self-built proxy failed to start
23:30:23 [WARNING] ⚠ Port 443 not listening!
23:30:23 [INFO] Starting self-built proxy...
23:30:28 [ERROR] ❌ Self-built proxy failed to start
23:31:00 [WARNING] ⚠ Port 443 not listening!
23:31:00 [INFO] Starting self-built proxy...
23:31:05 [ERROR] ❌ Self-built proxy failed to start
23:31:37 [WARNING] ⚠ Port 443 not listening!
23:31:37 [INFO] Starting self-built proxy...
23:31:42 [ERROR] ❌ Self-built proxy failed to start
23:32:14 [WARNING] ⚠ Port 443 not listening!
23:32:14 [INFO] Starting self-built proxy...
23:32:19 [ERROR] ❌ Self-built proxy failed to start
23:32:51 [WARNING] ⚠ Port 443 not listening!
23:32:51 [INFO] Starting self-built proxy...
23:32:56 [ERROR] ❌ Self-built proxy failed to start
23:33:28 [WARNING] ⚠ Port 443 not listening!
23:33:28 [INFO] Starting self-built proxy...
23:33:33 [ERROR] ❌ Self-built proxy failed to start
23:34:05 [WARNING] ⚠ Port 443 not listening!
23:34:05 [INFO] Starting self-built proxy...
23:34:10 [ERROR] ❌ Self-built proxy failed to start
23:34:42 [WARNING] ⚠ Port 443 not listening!
23:34:42 [INFO] Starting self-built proxy...
23:34:47 [ERROR] ❌ Self-built proxy failed to start
23:35:19 [WARNING] ⚠ Port 443 not listening!
23:35:19 [INFO] Starting self-built proxy...
23:35:24 [ERROR] ❌ Self-built proxy failed to start
23:35:57 [WARNING] ⚠ Port 443 not listening!
23:35:57 [INFO] Starting self-built proxy...
23:36:02 [ERROR] ❌ Self-built proxy failed to start
23:36:34 [WARNING] ⚠ Port 443 not listening!
23:36:34 [INFO] Starting self-built proxy...
23:36:39 [ERROR] ❌ Self-built proxy failed to start
23:37:11 [WARNING] ⚠ Port 443 not listening!
23:37:11 [INFO] Starting self-built proxy...
23:37:16 [ERROR] ❌ Self-built proxy failed to start
23:37:48 [WARNING] ⚠ Port 443 not listening!
23:37:48 [INFO] Starting self-built proxy...
23:37:53 [ERROR] ❌ Self-built proxy failed to start
23:38:25 [WARNING] ⚠ Port 443 not listening!
23:38:25 [INFO] Starting self-built proxy...
23:38:30 [ERROR] ❌ Self-built proxy failed to start
23:39:02 [WARNING] ⚠ Port 443 not listening!
23:39:02 [INFO] Starting self-built proxy...
23:39:07 [ERROR] ❌ Self-built proxy failed to start
23:39:39 [WARNING] ⚠ Port 443 not listening!
23:39:39 [INFO] Starting self-built proxy...
23:39:44 [ERROR] ❌ Self-built proxy failed to start
23:40:16 [WARNING] ⚠ Port 443 not listening!
23:40:16 [INFO] Starting self-built proxy...
23:40:21 [ERROR] ❌ Self-built proxy failed to start
23:40:53 [WARNING] ⚠ Port 443 not listening!
23:40:53 [INFO] Starting self-built proxy...
23:40:58 [ERROR] ❌ Self-built proxy failed to start
23:41:30 [WARNING] ⚠ Port 443 not listening!
23:41:30 [INFO] Starting self-built proxy...
23:41:35 [ERROR] ❌ Self-built proxy failed to start
23:42:07 [WARNING] ⚠ Port 443 not listening!
23:42:07 [INFO] Starting self-built proxy...
23:42:12 [ERROR] ❌ Self-built proxy failed to start
23:42:44 [WARNING] ⚠ Port 443 not listening!
23:42:44 [INFO] Starting self-built proxy...
23:42:49 [ERROR] ❌ Self-built proxy failed to start
23:43:21 [WARNING] ⚠ Port 443 not listening!
23:43:21 [INFO] Starting self-built proxy...
23:43:26 [ERROR] ❌ Self-built proxy failed to start
23:43:58 [WARNING] ⚠ Port 443 not listening!
23:43:58 [INFO] Starting self-built proxy...
23:44:03 [ERROR] ❌ Self-built proxy failed to start
23:44:35 [WARNING] ⚠ Port 443 not listening!
23:44:35 [INFO] Starting self-built proxy...
23:44:40 [ERROR] ❌ Self-built proxy failed to start
23:45:12 [WARNING] ⚠ Port 443 not listening!
23:45:12 [INFO] Starting self-built proxy...
23:45:17 [ERROR] ❌ Self-built proxy failed to start
23:45:49 [WARNING] ⚠ Port 443 not listening!
23:45:49 [INFO] Starting self-built proxy...
23:45:54 [ERROR] ❌ Self-built proxy failed to start
23:46:26 [WARNING] ⚠ Port 443 not listening!
23:46:26 [INFO] Starting self-built proxy...
23:46:31 [ERROR] ❌ Self-built proxy failed to start
23:47:03 [WARNING] ⚠ Port 443 not listening!
23:47:03 [INFO] Starting self-built proxy...
23:47:08 [ERROR] ❌ Self-built proxy failed to start
23:47:40 [WARNING] ⚠ Port 443 not listening!
23:47:40 [INFO] Starting self-built proxy...
23:47:45 [ERROR] ❌ Self-built proxy failed to start
23:48:17 [WARNING] ⚠ Port 443 not listening!
23:48:17 [INFO] Starting self-built proxy...
23:48:22 [ERROR] ❌ Self-built proxy failed to start
23:48:54 [WARNING] ⚠ Port 443 not listening!
23:48:54 [INFO] Starting self-built proxy...
23:48:59 [ERROR] ❌ Self-built proxy failed to start
23:49:32 [WARNING] ⚠ Port 443 not listening!
23:49:32 [INFO] Starting self-built proxy...
23:49:37 [ERROR] ❌ Self-built proxy failed to start
23:50:09 [WARNING] ⚠ Port 443 not listening!
23:50:09 [INFO] Starting self-built proxy...
23:50:14 [ERROR] ❌ Self-built proxy failed to start
23:50:46 [WARNING] ⚠ Port 443 not listening!
23:50:46 [INFO] Starting self-built proxy...
23:50:51 [ERROR] ❌ Self-built proxy failed to start
23:51:23 [WARNING] ⚠ Port 443 not listening!
23:51:23 [INFO] Starting self-built proxy...
23:51:28 [ERROR] ❌ Self-built proxy failed to start
23:52:00 [WARNING] ⚠ Port 443 not listening!
23:52:00 [INFO] Starting self-built proxy...
23:52:05 [ERROR] ❌ Self-built proxy failed to start
23:52:37 [WARNING] ⚠ Port 443 not listening!
23:52:37 [INFO] Starting self-built proxy...
23:52:42 [ERROR] ❌ Self-built proxy failed to start
23:53:14 [WARNING] ⚠ Port 443 not listening!
23:53:14 [INFO] Starting self-built proxy...
23:53:19 [ERROR] ❌ Self-built proxy failed to start
23:53:51 [WARNING] ⚠ Port 443 not listening!
23:53:51 [INFO] Starting self-built proxy...
23:53:56 [ERROR] ❌ Self-built proxy failed to start
23:54:28 [WARNING] ⚠ Port 443 not listening!
23:54:28 [INFO] Starting self-built proxy...
23:54:33 [ERROR] ❌ Self-built proxy failed to start
23:55:05 [WARNING] ⚠ Port 443 not listening!
23:55:05 [INFO] Starting self-built proxy...
23:55:10 [ERROR] ❌ Self-built proxy failed to start
23:55:42 [WARNING] ⚠ Port 443 not listening!
23:55:42 [INFO] Starting self-built proxy...
23:55:47 [ERROR] ❌ Self-built proxy failed to start
23:56:19 [WARNING] ⚠ Port 443 not listening!
23:56:19 [INFO] Starting self-built proxy...
23:56:24 [ERROR] ❌ Self-built proxy failed to start
23:56:56 [WARNING] ⚠ Port 443 not listening!
23:56:56 [INFO] Starting self-built proxy...
23:57:01 [ERROR] ❌ Self-built proxy failed to start
23:57:33 [WARNING] ⚠ Port 443 not listening!
23:57:33 [INFO] Starting self-built proxy...
23:57:38 [ERROR] ❌ Self-built proxy failed to start
23:58:10 [WARNING] ⚠ Port 443 not listening!
23:58:10 [INFO] Starting self-built proxy...
23:58:15 [ERROR] ❌ Self-built proxy failed to start
23:58:47 [WARNING] ⚠ Port 443 not listening!
23:58:47 [INFO] Starting self-built proxy...
23:58:52 [ERROR] ❌ Self-built proxy failed to start
23:59:24 [WARNING] ⚠ Port 443 not listening!
23:59:24 [INFO] Starting self-built proxy...
23:59:29 [ERROR] ❌ Self-built proxy failed to start
00:00:01 [WARNING] ⚠ Port 443 not listening!
00:00:01 [INFO] Starting self-built proxy...
00:00:06 [ERROR] ❌ Self-built proxy failed to start
00:00:38 [WARNING] ⚠ Port 443 not listening!
00:00:38 [INFO] Starting self-built proxy...
00:00:43 [ERROR] ❌ Self-built proxy failed to start
00:01:15 [WARNING] ⚠ Port 443 not listening!
00:01:15 [INFO] Starting self-built proxy...
00:01:20 [ERROR] ❌ Self-built proxy failed to start
00:01:52 [WARNING] ⚠ Port 443 not listening!
00:01:52 [INFO] Starting self-built proxy...
00:01:57 [ERROR] ❌ Self-built proxy failed to start
00:02:29 [WARNING] ⚠ Port 443 not listening!
00:02:29 [INFO] Starting self-built proxy...
00:02:34 [ERROR] ❌ Self-built proxy failed to start
00:03:07 [WARNING] ⚠ Port 443 not listening!
00:03:07 [INFO] Starting self-built proxy...
00:03:12 [ERROR] ❌ Self-built proxy failed to start
00:03:44 [WARNING] ⚠ Port 443 not listening!
00:03:44 [INFO] Starting self-built proxy...
00:03:49 [ERROR] ❌ Self-built proxy failed to start
00:04:21 [WARNING] ⚠ Port 443 not listening!
00:04:21 [INFO] Starting self-built proxy...
00:04:26 [ERROR] ❌ Self-built proxy failed to start
00:04:58 [WARNING] ⚠ Port 443 not listening!
00:04:58 [INFO] Starting self-built proxy...
00:05:03 [ERROR] ❌ Self-built proxy failed to start
00:05:35 [WARNING] ⚠ Port 443 not listening!
00:05:35 [INFO] Starting self-built proxy...
00:05:40 [ERROR] ❌ Self-built proxy failed to start
00:06:12 [WARNING] ⚠ Port 443 not listening!
00:06:12 [INFO] Starting self-built proxy...
00:06:17 [ERROR] ❌ Self-built proxy failed to start
00:06:49 [WARNING] ⚠ Port 443 not listening!
00:06:49 [INFO] Starting self-built proxy...
00:06:54 [ERROR] ❌ Self-built proxy failed to start
00:07:26 [WARNING] ⚠ Port 443 not listening!
00:07:26 [INFO] Starting self-built proxy...
00:07:31 [ERROR] ❌ Self-built proxy failed to start
00:08:03 [WARNING] ⚠ Port 443 not listening!
00:08:03 [INFO] Starting self-built proxy...
00:08:08 [ERROR] ❌ Self-built proxy failed to start
00:08:40 [WARNING] ⚠ Port 443 not listening!
00:08:40 [INFO] Starting self-built proxy...
00:08:45 [ERROR] ❌ Self-built proxy failed to start
00:09:17 [WARNING] ⚠ Port 443 not listening!
00:09:17 [INFO] Starting self-built proxy...
00:09:22 [ERROR] ❌ Self-built proxy failed to start
00:09:54 [WARNING] ⚠ Port 443 not listening!
00:09:54 [INFO] Starting self-built proxy...
00:09:59 [ERROR] ❌ Self-built proxy failed to start
00:10:31 [WARNING] ⚠ Port 443 not listening!
00:10:31 [INFO] Starting self-built proxy...
00:10:36 [ERROR] ❌ Self-built proxy failed to start
00:11:08 [WARNING] ⚠ Port 443 not listening!
00:11:08 [INFO] Starting self-built proxy...
00:11:13 [ERROR] ❌ Self-built proxy failed to start
00:11:45 [WARNING] ⚠ Port 443 not listening!
00:11:45 [INFO] Starting self-built proxy...
00:11:50 [ERROR] ❌ Self-built proxy failed to start
00:12:22 [WARNING] ⚠ Port 443 not listening!
00:12:22 [INFO] Starting self-built proxy...
00:12:27 [ERROR] ❌ Self-built proxy failed to start
00:12:59 [WARNING] ⚠ Port 443 not listening!
00:12:59 [INFO] Starting self-built proxy...
00:13:04 [ERROR] ❌ Self-built proxy failed to start
00:13:36 [WARNING] ⚠ Port 443 not listening!
00:13:36 [INFO] Starting self-built proxy...
00:13:41 [ERROR] ❌ Self-built proxy failed to start
00:14:13 [WARNING] ⚠ Port 443 not listening!
00:14:13 [INFO] Starting self-built proxy...
00:14:18 [ERROR] ❌ Self-built proxy failed to start
00:14:50 [WARNING] ⚠ Port 443 not listening!
00:14:50 [INFO] Starting self-built proxy...
00:14:55 [ERROR] ❌ Self-built proxy failed to start
00:15:27 [WARNING] ⚠ Port 443 not listening!
00:15:27 [INFO] Starting self-built proxy...
00:15:32 [ERROR] ❌ Self-built proxy failed to start
00:16:04 [WARNING] ⚠ Port 443 not listening!
00:16:04 [INFO] Starting self-built proxy...
00:16:09 [ERROR] ❌ Self-built proxy failed to start
00:16:42 [WARNING] ⚠ Port 443 not listening!
00:16:42 [INFO] Starting self-built proxy...
00:16:47 [ERROR] ❌ Self-built proxy failed to start
00:17:19 [WARNING] ⚠ Port 443 not listening!
00:17:19 [INFO] Starting self-built proxy...
00:17:24 [ERROR] ❌ Self-built proxy failed to start
00:17:56 [WARNING] ⚠ Port 443 not listening!
00:17:56 [INFO] Starting self-built proxy...
00:18:02 [ERROR] ❌ Self-built proxy failed to start
00:18:34 [WARNING] ⚠ Port 443 not listening!
00:18:34 [INFO] Starting self-built proxy...
00:18:39 [ERROR] ❌ Self-built proxy failed to start
00:19:11 [WARNING] ⚠ Port 443 not listening!
00:19:11 [INFO] Starting self-built proxy...
00:19:16 [ERROR] ❌ Self-built proxy failed to start
00:19:48 [WARNING] ⚠ Port 443 not listening!
00:19:48 [INFO] Starting self-built proxy...
00:19:53 [ERROR] ❌ Self-built proxy failed to start
00:20:25 [WARNING] ⚠ Port 443 not listening!
00:20:25 [INFO] Starting self-built proxy...
00:20:30 [ERROR] ❌ Self-built proxy failed to start
00:21:02 [WARNING] ⚠ Port 443 not listening!
00:21:02 [INFO] Starting self-built proxy...
00:21:07 [ERROR] ❌ Self-built proxy failed to start
00:21:39 [WARNING] ⚠ Port 443 not listening!
00:21:39 [INFO] Starting self-built proxy...
00:21:44 [ERROR] ❌ Self-built proxy failed to start
00:22:16 [WARNING] ⚠ Port 443 not listening!
00:22:16 [INFO] Starting self-built proxy...
00:22:21 [ERROR] ❌ Self-built proxy failed to start
00:22:53 [WARNING] ⚠ Port 443 not listening!
00:22:53 [INFO] Starting self-built proxy...
00:22:58 [ERROR] ❌ Self-built proxy failed to start
00:23:30 [WARNING] ⚠ Port 443 not listening!
00:23:30 [INFO] Starting self-built proxy...
00:23:35 [ERROR] ❌ Self-built proxy failed to start
00:24:08 [WARNING] ⚠ Port 443 not listening!
00:24:08 [INFO] Starting self-built proxy...
00:24:13 [ERROR] ❌ Self-built proxy failed to start
00:24:45 [WARNING] ⚠ Port 443 not listening!
00:24:45 [INFO] Starting self-built proxy...
00:24:50 [ERROR] ❌ Self-built proxy failed to start
00:25:22 [WARNING] ⚠ Port 443 not listening!
00:25:22 [INFO] Starting self-built proxy...
00:25:27 [ERROR] ❌ Self-built proxy failed to start
00:25:59 [WARNING] ⚠ Port 443 not listening!
00:25:59 [INFO] Starting self-built proxy...
00:26:04 [ERROR] ❌ Self-built proxy failed to start
00:26:36 [WARNING] ⚠ Port 443 not listening!
00:26:36 [INFO] Starting self-built proxy...
00:26:41 [ERROR] ❌ Self-built proxy failed to start
00:27:13 [WARNING] ⚠ Port 443 not listening!
00:27:13 [INFO] Starting self-built proxy...
00:27:18 [ERROR] ❌ Self-built proxy failed to start
00:27:50 [WARNING] ⚠ Port 443 not listening!
00:27:50 [INFO] Starting self-built proxy...
00:27:55 [ERROR] ❌ Self-built proxy failed to start
00:28:27 [WARNING] ⚠ Port 443 not listening!
00:28:27 [INFO] Starting self-built proxy...
00:28:32 [ERROR] ❌ Self-built proxy failed to start
00:29:04 [WARNING] ⚠ Port 443 not listening!
00:29:04 [INFO] Starting self-built proxy...
00:29:09 [ERROR] ❌ Self-built proxy failed to start
00:29:41 [WARNING] ⚠ Port 443 not listening!
00:29:41 [INFO] Starting self-built proxy...
00:29:46 [ERROR] ❌ Self-built proxy failed to start
00:30:18 [WARNING] ⚠ Port 443 not listening!
00:30:18 [INFO] Starting self-built proxy...
00:30:23 [ERROR] ❌ Self-built proxy failed to start
00:30:55 [WARNING] ⚠ Port 443 not listening!
00:30:55 [INFO] Starting self-built proxy...
00:31:00 [ERROR] ❌ Self-built proxy failed to start
00:31:32 [WARNING] ⚠ Port 443 not listening!
00:31:32 [INFO] Starting self-built proxy...
00:31:37 [ERROR] ❌ Self-built proxy failed to start
00:32:09 [WARNING] ⚠ Port 443 not listening!
00:32:09 [INFO] Starting self-built proxy...
00:32:14 [ERROR] ❌ Self-built proxy failed to start
00:32:46 [WARNING] ⚠ Port 443 not listening!
00:32:46 [INFO] Starting self-built proxy...
00:32:51 [ERROR] ❌ Self-built proxy failed to start
00:33:23 [WARNING] ⚠ Port 443 not listening!
00:33:23 [INFO] Starting self-built proxy...
00:33:28 [ERROR] ❌ Self-built proxy failed to start
00:34:00 [WARNING] ⚠ Port 443 not listening!
00:34:00 [INFO] Starting self-built proxy...
00:34:05 [ERROR] ❌ Self-built proxy failed to start
00:34:37 [WARNING] ⚠ Port 443 not listening!
00:34:37 [INFO] Starting self-built proxy...
00:34:42 [ERROR] ❌ Self-built proxy failed to start
00:35:14 [WARNING] ⚠ Port 443 not listening!
00:35:14 [INFO] Starting self-built proxy...
00:35:19 [ERROR] ❌ Self-built proxy failed to start
00:35:51 [WARNING] ⚠ Port 443 not listening!
00:35:51 [INFO] Starting self-built proxy...
00:35:56 [ERROR] ❌ Self-built proxy failed to start
00:36:28 [WARNING] ⚠ Port 443 not listening!
00:36:28 [INFO] Starting self-built proxy...
00:36:33 [ERROR] ❌ Self-built proxy failed to start
00:37:05 [WARNING] ⚠ Port 443 not listening!
00:37:05 [INFO] Starting self-built proxy...
00:37:10 [ERROR] ❌ Self-built proxy failed to start
00:37:43 [WARNING] ⚠ Port 443 not listening!
00:37:43 [INFO] Starting self-built proxy...
00:37:48 [ERROR] ❌ Self-built proxy failed to start
00:38:20 [WARNING] ⚠ Port 443 not listening!
00:38:20 [INFO] Starting self-built proxy...
00:38:25 [ERROR] ❌ Self-built proxy failed to start
00:38:57 [WARNING] ⚠ Port 443 not listening!
00:38:57 [INFO] Starting self-built proxy...
00:39:02 [ERROR] ❌ Self-built proxy failed to start
00:39:34 [WARNING] ⚠ Port 443 not listening!
00:39:34 [INFO] Starting self-built proxy...
00:39:39 [ERROR] ❌ Self-built proxy failed to start
00:40:11 [WARNING] ⚠ Port 443 not listening!
00:40:11 [INFO] Starting self-built proxy...
00:40:16 [ERROR] ❌ Self-built proxy failed to start
00:40:48 [WARNING] ⚠ Port 443 not listening!
00:40:48 [INFO] Starting self-built proxy...
00:40:53 [ERROR] ❌ Self-built proxy failed to start
00:41:25 [WARNING] ⚠ Port 443 not listening!
00:41:25 [INFO] Starting self-built proxy...
00:41:30 [ERROR] ❌ Self-built proxy failed to start
00:42:02 [WARNING] ⚠ Port 443 not listening!
00:42:02 [INFO] Starting self-built proxy...
00:42:07 [ERROR] ❌ Self-built proxy failed to start
00:42:39 [WARNING] ⚠ Port 443 not listening!
00:42:39 [INFO] Starting self-built proxy...
00:42:44 [ERROR] ❌ Self-built proxy failed to start
00:43:16 [WARNING] ⚠ Port 443 not listening!
00:43:16 [INFO] Starting self-built proxy...
00:43:21 [ERROR] ❌ Self-built proxy failed to start
00:43:53 [WARNING] ⚠ Port 443 not listening!
00:43:53 [INFO] Starting self-built proxy...
00:43:58 [ERROR] ❌ Self-built proxy failed to start
00:44:30 [WARNING] ⚠ Port 443 not listening!
00:44:30 [INFO] Starting self-built proxy...
00:44:35 [ERROR] ❌ Self-built proxy failed to start
00:45:07 [WARNING] ⚠ Port 443 not listening!
00:45:07 [INFO] Starting self-built proxy...
00:45:12 [ERROR] ❌ Self-built proxy failed to start
00:45:44 [WARNING] ⚠ Port 443 not listening!
00:45:44 [INFO] Starting self-built proxy...
00:45:49 [ERROR] ❌ Self-built proxy failed to start
00:46:21 [WARNING] ⚠ Port 443 not listening!
00:46:21 [INFO] Starting self-built proxy...
00:46:26 [ERROR] ❌ Self-built proxy failed to start
00:46:58 [WARNING] ⚠ Port 443 not listening!
00:46:58 [INFO] Starting self-built proxy...
00:47:03 [ERROR] ❌ Self-built proxy failed to start
00:47:35 [WARNING] ⚠ Port 443 not listening!
00:47:35 [INFO] Starting self-built proxy...
00:47:40 [ERROR] ❌ Self-built proxy failed to start
00:48:12 [WARNING] ⚠ Port 443 not listening!
00:48:12 [INFO] Starting self-built proxy...
00:48:17 [ERROR] ❌ Self-built proxy failed to start
00:48:49 [WARNING] ⚠ Port 443 not listening!
00:48:49 [INFO] Starting self-built proxy...
00:48:54 [ERROR] ❌ Self-built proxy failed to start
00:49:26 [WARNING] ⚠ Port 443 not listening!
00:49:26 [INFO] Starting self-built proxy...
00:49:31 [ERROR] ❌ Self-built proxy failed to start
00:50:03 [WARNING] ⚠ Port 443 not listening!
00:50:03 [INFO] Starting self-built proxy...
00:50:08 [ERROR] ❌ Self-built proxy failed to start
00:50:40 [WARNING] ⚠ Port 443 not listening!
00:50:40 [INFO] Starting self-built proxy...
00:50:45 [ERROR] ❌ Self-built proxy failed to start
00:51:18 [WARNING] ⚠ Port 443 not listening!
00:51:18 [INFO] Starting self-built proxy...
00:51:23 [ERROR] ❌ Self-built proxy failed to start
00:51:55 [WARNING] ⚠ Port 443 not listening!
00:51:55 [INFO] Starting self-built proxy...
00:52:00 [ERROR] ❌ Self-built proxy failed to start
00:52:32 [WARNING] ⚠ Port 443 not listening!
00:52:32 [INFO] Starting self-built proxy...
00:52:37 [ERROR] ❌ Self-built proxy failed to start
00:53:09 [WARNING] ⚠ Port 443 not listening!
00:53:09 [INFO] Starting self-built proxy...
00:53:14 [ERROR] ❌ Self-built proxy failed to start
00:53:46 [WARNING] ⚠ Port 443 not listening!
00:53:46 [INFO] Starting self-built proxy...
00:53:51 [ERROR] ❌ Self-built proxy failed to start
00:54:23 [WARNING] ⚠ Port 443 not listening!
00:54:23 [INFO] Starting self-built proxy...
00:54:28 [ERROR] ❌ Self-built proxy failed to start
00:55:00 [WARNING] ⚠ Port 443 not listening!
00:55:00 [INFO] Starting self-built proxy...
00:55:05 [ERROR] ❌ Self-built proxy failed to start
00:55:37 [WARNING] ⚠ Port 443 not listening!
00:55:37 [INFO] Starting self-built proxy...
00:55:42 [ERROR] ❌ Self-built proxy failed to start
00:56:14 [WARNING] ⚠ Port 443 not listening!
00:56:14 [INFO] Starting self-built proxy...
00:56:19 [ERROR] ❌ Self-built proxy failed to start
00:56:51 [WARNING] ⚠ Port 443 not listening!
00:56:51 [INFO] Starting self-built proxy...
00:56:56 [ERROR] ❌ Self-built proxy failed to start
00:57:28 [WARNING] ⚠ Port 443 not listening!
00:57:28 [INFO] Starting self-built proxy...
00:57:33 [ERROR] ❌ Self-built proxy failed to start
00:58:05 [WARNING] ⚠ Port 443 not listening!
00:58:05 [INFO] Starting self-built proxy...
00:58:10 [ERROR] ❌ Self-built proxy failed to start
00:58:42 [WARNING] ⚠ Port 443 not listening!
00:58:42 [INFO] Starting self-built proxy...
00:58:47 [ERROR] ❌ Self-built proxy failed to start
00:59:19 [WARNING] ⚠ Port 443 not listening!
00:59:19 [INFO] Starting self-built proxy...
00:59:24 [ERROR] ❌ Self-built proxy failed to start
00:59:56 [WARNING] ⚠ Port 443 not listening!
00:59:56 [INFO] Starting self-built proxy...
01:00:01 [ERROR] ❌ Self-built proxy failed to start
01:00:33 [WARNING] ⚠ Port 443 not listening!
01:00:33 [INFO] Starting self-built proxy...
01:00:38 [ERROR] ❌ Self-built proxy failed to start
01:01:10 [WARNING] ⚠ Port 443 not listening!
01:01:10 [INFO] Starting self-built proxy...
01:01:15 [ERROR] ❌ Self-built proxy failed to start
01:01:47 [WARNING] ⚠ Port 443 not listening!
01:01:47 [INFO] Starting self-built proxy...
01:01:52 [ERROR] ❌ Self-built proxy failed to start
01:02:24 [WARNING] ⚠ Port 443 not listening!
01:02:24 [INFO] Starting self-built proxy...
01:02:29 [ERROR] ❌ Self-built proxy failed to start
01:03:01 [WARNING] ⚠ Port 443 not listening!
01:03:01 [INFO] Starting self-built proxy...
01:03:06 [ERROR] ❌ Self-built proxy failed to start
01:03:38 [WARNING] ⚠ Port 443 not listening!
01:03:38 [INFO] Starting self-built proxy...
01:03:43 [ERROR] ❌ Self-built proxy failed to start
01:04:15 [WARNING] ⚠ Port 443 not listening!
01:04:15 [INFO] Starting self-built proxy...
01:04:20 [ERROR] ❌ Self-built proxy failed to start
01:04:53 [WARNING] ⚠ Port 443 not listening!
01:04:53 [INFO] Starting self-built proxy...
01:04:58 [ERROR] ❌ Self-built proxy failed to start
01:05:30 [WARNING] ⚠ Port 443 not listening!
01:05:30 [INFO] Starting self-built proxy...
01:05:35 [ERROR] ❌ Self-built proxy failed to start
01:06:07 [WARNING] ⚠ Port 443 not listening!
01:06:07 [INFO] Starting self-built proxy...
01:06:12 [ERROR] ❌ Self-built proxy failed to start
01:06:44 [WARNING] ⚠ Port 443 not listening!
01:06:44 [INFO] Starting self-built proxy...
01:06:49 [ERROR] ❌ Self-built proxy failed to start
01:07:21 [WARNING] ⚠ Port 443 not listening!
01:07:21 [INFO] Starting self-built proxy...
01:07:26 [ERROR] ❌ Self-built proxy failed to start
01:07:58 [WARNING] ⚠ Port 443 not listening!
01:07:58 [INFO] Starting self-built proxy...
01:08:03 [ERROR] ❌ Self-built proxy failed to start
01:08:35 [WARNING] ⚠ Port 443 not listening!
01:08:35 [INFO] Starting self-built proxy...
01:08:40 [ERROR] ❌ Self-built proxy failed to start
01:09:12 [WARNING] ⚠ Port 443 not listening!
01:09:12 [INFO] Starting self-built proxy...
01:09:17 [ERROR] ❌ Self-built proxy failed to start
01:09:49 [WARNING] ⚠ Port 443 not listening!
01:09:49 [INFO] Starting self-built proxy...
01:09:54 [ERROR] ❌ Self-built proxy failed to start
01:10:26 [WARNING] ⚠ Port 443 not listening!
01:10:26 [INFO] Starting self-built proxy...
01:10:31 [ERROR] ❌ Self-built proxy failed to start
01:11:03 [WARNING] ⚠ Port 443 not listening!
01:11:03 [INFO] Starting self-built proxy...
01:11:08 [ERROR] ❌ Self-built proxy failed to start
01:11:40 [WARNING] ⚠ Port 443 not listening!
01:11:40 [INFO] Starting self-built proxy...
01:11:45 [ERROR] ❌ Self-built proxy failed to start
01:12:17 [WARNING] ⚠ Port 443 not listening!
01:12:17 [INFO] Starting self-built proxy...
01:12:22 [ERROR] ❌ Self-built proxy failed to start
01:12:54 [WARNING] ⚠ Port 443 not listening!
01:12:54 [INFO] Starting self-built proxy...
01:12:59 [ERROR] ❌ Self-built proxy failed to start
01:13:31 [WARNING] ⚠ Port 443 not listening!
01:13:31 [INFO] Starting self-built proxy...
01:13:36 [ERROR] ❌ Self-built proxy failed to start
01:14:08 [WARNING] ⚠ Port 443 not listening!
01:14:08 [INFO] Starting self-built proxy...
01:14:13 [ERROR] ❌ Self-built proxy failed to start
01:14:45 [WARNING] ⚠ Port 443 not listening!
01:14:45 [INFO] Starting self-built proxy...
01:14:50 [ERROR] ❌ Self-built proxy failed to start
01:15:22 [WARNING] ⚠ Port 443 not listening!
01:15:22 [INFO] Starting self-built proxy...
01:15:27 [ERROR] ❌ Self-built proxy failed to start
01:15:59 [WARNING] ⚠ Port 443 not listening!
01:15:59 [INFO] Starting self-built proxy...
01:16:04 [ERROR] ❌ Self-built proxy failed to start
01:16:36 [WARNING] ⚠ Port 443 not listening!
01:16:36 [INFO] Starting self-built proxy...
01:16:41 [ERROR] ❌ Self-built proxy failed to start
01:17:13 [WARNING] ⚠ Port 443 not listening!
01:17:13 [INFO] Starting self-built proxy...
01:17:18 [ERROR] ❌ Self-built proxy failed to start
01:17:50 [WARNING] ⚠ Port 443 not listening!
01:17:50 [INFO] Starting self-built proxy...
01:17:56 [ERROR] ❌ Self-built proxy failed to start
01:18:28 [WARNING] ⚠ Port 443 not listening!
01:18:28 [INFO] Starting self-built proxy...
01:18:33 [ERROR] ❌ Self-built proxy failed to start
01:19:05 [WARNING] ⚠ Port 443 not listening!
01:19:05 [INFO] Starting self-built proxy...
01:19:10 [ERROR] ❌ Self-built proxy failed to start
01:19:42 [WARNING] ⚠ Port 443 not listening!
01:19:42 [INFO] Starting self-built proxy...
01:19:47 [ERROR] ❌ Self-built proxy failed to start
01:20:19 [WARNING] ⚠ Port 443 not listening!
01:20:19 [INFO] Starting self-built proxy...
01:20:24 [ERROR] ❌ Self-built proxy failed to start
01:20:56 [WARNING] ⚠ Port 443 not listening!
01:20:56 [INFO] Starting self-built proxy...
01:21:01 [ERROR] ❌ Self-built proxy failed to start
01:21:33 [WARNING] ⚠ Port 443 not listening!
01:21:33 [INFO] Starting self-built proxy...
01:21:38 [ERROR] ❌ Self-built proxy failed to start
01:22:10 [WARNING] ⚠ Port 443 not listening!
01:22:10 [INFO] Starting self-built proxy...
01:22:15 [ERROR] ❌ Self-built proxy failed to start
01:22:47 [WARNING] ⚠ Port 443 not listening!
01:22:47 [INFO] Starting self-built proxy...
01:22:52 [ERROR] ❌ Self-built proxy failed to start
01:23:24 [WARNING] ⚠ Port 443 not listening!
01:23:24 [INFO] Starting self-built proxy...
01:23:29 [ERROR] ❌ Self-built proxy failed to start
01:24:01 [WARNING] ⚠ Port 443 not listening!
01:24:01 [INFO] Starting self-built proxy...
01:24:06 [ERROR] ❌ Self-built proxy failed to start
01:24:38 [WARNING] ⚠ Port 443 not listening!
01:24:38 [INFO] Starting self-built proxy...
01:24:43 [ERROR] ❌ Self-built proxy failed to start
01:25:15 [WARNING] ⚠ Port 443 not listening!
01:25:15 [INFO] Starting self-built proxy...
01:25:20 [ERROR] ❌ Self-built proxy failed to start
01:25:52 [WARNING] ⚠ Port 443 not listening!
01:25:52 [INFO] Starting self-built proxy...
01:25:57 [ERROR] ❌ Self-built proxy failed to start
01:26:29 [WARNING] ⚠ Port 443 not listening!
01:26:29 [INFO] Starting self-built proxy...
01:26:34 [ERROR] ❌ Self-built proxy failed to start
01:27:06 [WARNING] ⚠ Port 443 not listening!
01:27:06 [INFO] Starting self-built proxy...
01:27:11 [ERROR] ❌ Self-built proxy failed to start
01:27:43 [WARNING] ⚠ Port 443 not listening!
01:27:43 [INFO] Starting self-built proxy...
01:27:48 [ERROR] ❌ Self-built proxy failed to start
01:28:20 [WARNING] ⚠ Port 443 not listening!
01:28:20 [INFO] Starting self-built proxy...
01:28:25 [ERROR] ❌ Self-built proxy failed to start
01:28:57 [WARNING] ⚠ Port 443 not listening!
01:28:57 [INFO] Starting self-built proxy...
01:29:02 [ERROR] ❌ Self-built proxy failed to start
01:29:34 [WARNING] ⚠ Port 443 not listening!
01:29:34 [INFO] Starting self-built proxy...
01:29:39 [ERROR] ❌ Self-built proxy failed to start
01:30:11 [WARNING] ⚠ Port 443 not listening!
01:30:11 [INFO] Starting self-built proxy...
01:30:16 [ERROR] ❌ Self-built proxy failed to start
01:30:48 [WARNING] ⚠ Port 443 not listening!
01:30:48 [INFO] Starting self-built proxy...
01:30:53 [ERROR] ❌ Self-built proxy failed to start
01:31:26 [WARNING] ⚠ Port 443 not listening!
01:31:26 [INFO] Starting self-built proxy...
01:31:31 [ERROR] ❌ Self-built proxy failed to start
01:32:03 [WARNING] ⚠ Port 443 not listening!
01:32:03 [INFO] Starting self-built proxy...
01:32:08 [ERROR] ❌ Self-built proxy failed to start
01:32:40 [WARNING] ⚠ Port 443 not listening!
01:32:40 [INFO] Starting self-built proxy...
01:32:45 [ERROR] ❌ Self-built proxy failed to start
01:33:17 [WARNING] ⚠ Port 443 not listening!
01:33:17 [INFO] Starting self-built proxy...
01:33:22 [ERROR] ❌ Self-built proxy failed to start
01:33:54 [WARNING] ⚠ Port 443 not listening!
01:33:54 [INFO] Starting self-built proxy...
01:33:59 [ERROR] ❌ Self-built proxy failed to start
01:34:31 [WARNING] ⚠ Port 443 not listening!
01:34:31 [INFO] Starting self-built proxy...
01:34:36 [ERROR] ❌ Self-built proxy failed to start
01:35:08 [WARNING] ⚠ Port 443 not listening!
01:35:08 [INFO] Starting self-built proxy...
01:35:13 [ERROR] ❌ Self-built proxy failed to start
01:35:45 [WARNING] ⚠ Port 443 not listening!
01:35:45 [INFO] Starting self-built proxy...
01:35:50 [ERROR] ❌ Self-built proxy failed to start
01:36:22 [WARNING] ⚠ Port 443 not listening!
01:36:22 [INFO] Starting self-built proxy...
01:36:27 [ERROR] ❌ Self-built proxy failed to start
01:36:59 [WARNING] ⚠ Port 443 not listening!
01:36:59 [INFO] Starting self-built proxy...
01:37:04 [ERROR] ❌ Self-built proxy failed to start
01:37:36 [WARNING] ⚠ Port 443 not listening!
01:37:36 [INFO] Starting self-built proxy...
01:37:41 [ERROR] ❌ Self-built proxy failed to start
01:38:13 [WARNING] ⚠ Port 443 not listening!
01:38:13 [INFO] Starting self-built proxy...
01:38:18 [ERROR] ❌ Self-built proxy failed to start
01:38:50 [WARNING] ⚠ Port 443 not listening!
01:38:50 [INFO] Starting self-built proxy...
01:38:55 [ERROR] ❌ Self-built proxy failed to start
01:39:27 [WARNING] ⚠ Port 443 not listening!
01:39:27 [INFO] Starting self-built proxy...
01:39:32 [ERROR] ❌ Self-built proxy failed to start
01:40:04 [WARNING] ⚠ Port 443 not listening!
01:40:04 [INFO] Starting self-built proxy...
01:40:09 [ERROR] ❌ Self-built proxy failed to start
01:40:41 [WARNING] ⚠ Port 443 not listening!
01:40:41 [INFO] Starting self-built proxy...
01:40:46 [ERROR] ❌ Self-built proxy failed to start
01:41:18 [WARNING] ⚠ Port 443 not listening!
01:41:18 [INFO] Starting self-built proxy...
01:41:23 [ERROR] ❌ Self-built proxy failed to start
01:41:55 [WARNING] ⚠ Port 443 not listening!
01:41:55 [INFO] Starting self-built proxy...
01:42:00 [ERROR] ❌ Self-built proxy failed to start
01:42:32 [WARNING] ⚠ Port 443 not listening!
01:42:32 [INFO] Starting self-built proxy...
01:42:37 [ERROR] ❌ Self-built proxy failed to start
01:43:09 [WARNING] ⚠ Port 443 not listening!
01:43:09 [INFO] Starting self-built proxy...
01:43:14 [ERROR] ❌ Self-built proxy failed to start
01:43:46 [WARNING] ⚠ Port 443 not listening!
01:43:46 [INFO] Starting self-built proxy...
01:43:51 [ERROR] ❌ Self-built proxy failed to start
01:44:23 [WARNING] ⚠ Port 443 not listening!
01:44:23 [INFO] Starting self-built proxy...
01:44:28 [ERROR] ❌ Self-built proxy failed to start
01:45:01 [WARNING] ⚠ Port 443 not listening!
01:45:01 [INFO] Starting self-built proxy...
01:45:06 [ERROR] ❌ Self-built proxy failed to start
01:45:38 [WARNING] ⚠ Port 443 not listening!
01:45:38 [INFO] Starting self-built proxy...
01:45:43 [ERROR] ❌ Self-built proxy failed to start
01:46:15 [WARNING] ⚠ Port 443 not listening!
01:46:15 [INFO] Starting self-built proxy...
01:46:20 [ERROR] ❌ Self-built proxy failed to start
01:46:52 [WARNING] ⚠ Port 443 not listening!
01:46:52 [INFO] Starting self-built proxy...
01:46:57 [ERROR] ❌ Self-built proxy failed to start
01:47:29 [WARNING] ⚠ Port 443 not listening!
01:47:29 [INFO] Starting self-built proxy...
01:47:34 [ERROR] ❌ Self-built proxy failed to start
01:48:06 [WARNING] ⚠ Port 443 not listening!
01:48:06 [INFO] Starting self-built proxy...
01:48:11 [ERROR] ❌ Self-built proxy failed to start
01:48:43 [WARNING] ⚠ Port 443 not listening!
01:48:43 [INFO] Starting self-built proxy...
01:48:48 [ERROR] ❌ Self-built proxy failed to start
01:49:20 [WARNING] ⚠ Port 443 not listening!
01:49:20 [INFO] Starting self-built proxy...
01:49:25 [ERROR] ❌ Self-built proxy failed to start
01:49:57 [WARNING] ⚠ Port 443 not listening!
01:49:57 [INFO] Starting self-built proxy...
01:50:02 [ERROR] ❌ Self-built proxy failed to start
01:50:34 [WARNING] ⚠ Port 443 not listening!
01:50:34 [INFO] Starting self-built proxy...
01:50:39 [ERROR] ❌ Self-built proxy failed to start
01:51:11 [WARNING] ⚠ Port 443 not listening!
01:51:11 [INFO] Starting self-built proxy...
01:51:16 [ERROR] ❌ Self-built proxy failed to start
01:51:48 [WARNING] ⚠ Port 443 not listening!
01:51:48 [INFO] Starting self-built proxy...
01:51:53 [ERROR] ❌ Self-built proxy failed to start
03:17:26 [INFO] ==================================================
03:17:26 [INFO] Windsurf Guardian v1.0 started
03:17:26 [INFO] ==================================================
03:17:28 [INFO] Monitoring: D:\Windsurf\resources\app\out\vs\workbench\workbench.desktop.main.js
03:17:28 [INFO] Hash: 1242966eed9682e7eb6dbe89acebfcc3
03:17:28 [INFO] Check interval: 30s
03:18:00 [WARNING] ⚠ Port 443 not listening!
03:18:00 [INFO] Starting self-built proxy...
03:18:03 [INFO] ✅ Self-built proxy started on :443
16:08:29 [INFO] ==================================================
16:08:29 [INFO] Windsurf Guardian v1.0 started
16:08:29 [INFO] ==================================================
16:08:30 [INFO] Monitoring: D:\Windsurf\resources\app\out\vs\workbench\workbench.desktop.main.js
16:08:30 [INFO] Hash: 1242966eed9682e7eb6dbe89acebfcc3
16:08:30 [INFO] Check interval: 30s
16:09:02 [WARNING] ⚠ Port 443 not listening!
16:09:02 [INFO] Starting self-built proxy...
16:09:07 [ERROR] ❌ Self-built proxy failed to start
16:09:39 [WARNING] ⚠ Port 443 not listening!
16:09:39 [INFO] Starting self-built proxy...
16:09:44 [ERROR] ❌ Self-built proxy failed to start
16:10:16 [WARNING] ⚠ Port 443 not listening!
16:10:16 [INFO] Starting self-built proxy...
16:10:21 [ERROR] ❌ Self-built proxy failed to start
16:10:53 [WARNING] ⚠ Port 443 not listening!
16:10:53 [INFO] Starting self-built proxy...
16:10:58 [ERROR] ❌ Self-built proxy failed to start
16:11:30 [WARNING] ⚠ Port 443 not listening!
16:11:30 [INFO] Starting self-built proxy...
16:11:35 [ERROR] ❌ Self-built proxy failed to start
16:12:07 [WARNING] ⚠ Port 443 not listening!
16:12:07 [INFO] Starting self-built proxy...
16:12:12 [ERROR] ❌ Self-built proxy failed to start
16:12:44 [WARNING] ⚠ Port 443 not listening!
16:12:44 [INFO] Starting self-built proxy...
16:12:49 [ERROR] ❌ Self-built proxy failed to start
16:13:21 [WARNING] ⚠ Port 443 not listening!
16:13:21 [INFO] Starting self-built proxy...
16:13:26 [ERROR] ❌ Self-built proxy failed to start
